jul 01, 2014 5:56:14 AM ob.printer.Main info
Información: Print Precuenta OK [/home/jc/precuenta]
jul 01, 2014 6:21:49 AM ob.printer.Main log
Advertencia: Column 'nombre_comercia' not found.
jul 01, 2014 6:21:50 AM ob.printer.Main log
Advertencia: Column 'nombre_comercia' not found.
jul 01, 2014 6:21:51 AM ob.printer.Main log
Advertencia: Column 'nombre_comercia' not found.
jul 01, 2014 6:21:52 AM ob.printer.Main log
Advertencia: Column 'nombre_comercia' not found.
jul 01, 2014 6:21:53 AM ob.printer.Main log
Advertencia: Column 'nombre_comercia' not found.
jul 01, 2014 6:21:54 AM ob.printer.Main log
Advertencia: Column 'nombre_comercia' not found.
jul 01, 2014 6:21:55 AM ob.printer.Main log
Advertencia: Column 'nombre_comercia' not found.
jul 01, 2014 6:21:56 AM ob.printer.Main log
Advertencia: Column 'nombre_comercia' not found.
jul 01, 2014 6:21:57 AM ob.printer.Main log
Advertencia: Column 'nombre_comercia' not found.
jul 01, 2014 6:21:58 AM ob.printer.Main log
Advertencia: Column 'nombre_comercia' not found.
jul 01, 2014 6:21:59 AM ob.printer.Main log
Advertencia: Column 'nombre_comercia' not found.
jul 01, 2014 6:22:00 AM ob.printer.Main log
Advertencia: Column 'nombre_comercia' not found.
jul 01, 2014 6:22:01 AM ob.printer.Main log
Advertencia: Column 'nombre_comercia' not found.
jul 01, 2014 6:36:47 AM ob.printer.Main info
Información: Print Precuenta OK [/home/jc/precuenta]
jul 01, 2014 6:37:24 AM ob.printer.Main info
Información: Print Precuenta OK [/home/jc/precuenta]
jul 01, 2014 6:40:46 AM ob.printer.Main info
Información: Print Precuenta OK [/home/jc/precuenta]
jul 01, 2014 6:41:08 AM ob.printer.Main info
Información: Print Precuenta OK [/home/jc/precuenta]
jul 01, 2014 6:41:44 AM ob.printer.Main info
Información: Print Precuenta OK [/home/jc/precuenta]
jul 01, 2014 6:43:07 AM ob.printer.Main info
Información: Print Precuenta OK [/home/jc/precuenta]
jul 01, 2014 6:43:40 AM ob.printer.Main info
Información: Print Precuenta OK [/home/jc/precuenta]
jul 01, 2014 6:43:57 AM ob.printer.Main info
Información: Print Precuenta OK [/home/jc/precuenta]
jul 01, 2014 6:49:42 AM ob.printer.Main info
Información: Print Precuenta OK [/home/jc/p]
jul 01, 2014 6:50:30 AM ob.printer.Main info
Información: Print Precuenta OK [/home/jc/precuenta]
jul 02, 2014 11:28:38 PM ob.printer.Main info
Información: Print Precuenta OK [/home/jc/precuenta]
jul 02, 2014 11:30:27 PM ob.printer.Main info
Información: Print Precuenta OK [/home/jc/precuenta]
jul 02, 2014 11:30:36 PM ob.printer.Main log
Advertencia: Communications link failure

The last packet sent successfully to the server was 0 milliseconds ago. The driver has not received any packets from the server.
jul 02, 2014 11:30:37 PM ob.printer.Main log
Advertencia: Communications link failure

The last packet sent successfully to the server was 0 milliseconds ago. The driver has not received any packets from the server.
jul 02, 2014 11:30:38 PM ob.printer.Main log
Advertencia: Communications link failure

The last packet sent successfully to the server was 0 milliseconds ago. The driver has not received any packets from the server.
jul 02, 2014 11:30:39 PM ob.printer.Main log
Advertencia: Communications link failure

The last packet sent successfully to the server was 0 milliseconds ago. The driver has not received any packets from the server.
jul 02, 2014 11:30:40 PM ob.printer.Main log
Advertencia: Communications link failure

The last packet sent successfully to the server was 0 milliseconds ago. The driver has not received any packets from the server.
jul 02, 2014 11:30:41 PM ob.printer.Main log
Advertencia: Communications link failure

The last packet sent successfully to the server was 0 milliseconds ago. The driver has not received any packets from the server.
jul 02, 2014 11:30:42 PM ob.printer.Main log
Advertencia: Communications link failure

The last packet sent successfully to the server was 0 milliseconds ago. The driver has not received any packets from the server.
jul 02, 2014 11:32:28 PM ob.printer.Main log
Advertencia: Communications link failure

The last packet sent successfully to the server was 0 milliseconds ago. The driver has not received any packets from the server.
jul 02, 2014 11:32:29 PM ob.printer.Main log
Advertencia: Communications link failure

The last packet sent successfully to the server was 0 milliseconds ago. The driver has not received any packets from the server.
jul 02, 2014 11:32:30 PM ob.printer.Main log
Advertencia: Communications link failure

The last packet sent successfully to the server was 0 milliseconds ago. The driver has not received any packets from the server.
jul 02, 2014 11:32:31 PM ob.printer.Main log
Advertencia: Communications link failure

The last packet sent successfully to the server was 0 milliseconds ago. The driver has not received any packets from the server.
jul 02, 2014 11:32:32 PM ob.printer.Main log
Advertencia: Communications link failure

The last packet sent successfully to the server was 0 milliseconds ago. The driver has not received any packets from the server.
jul 02, 2014 11:32:33 PM ob.printer.Main log
Advertencia: Communications link failure

The last packet sent successfully to the server was 0 milliseconds ago. The driver has not received any packets from the server.
jul 02, 2014 11:33:01 PM ob.printer.Main log
Advertencia: Communications link failure

The last packet sent successfully to the server was 0 milliseconds ago. The driver has not received any packets from the server.
jul 02, 2014 11:33:02 PM ob.printer.Main log
Advertencia: Communications link failure

The last packet sent successfully to the server was 0 milliseconds ago. The driver has not received any packets from the server.
jul 02, 2014 11:33:03 PM ob.printer.Main log
Advertencia: Communications link failure

The last packet sent successfully to the server was 0 milliseconds ago. The driver has not received any packets from the server.
jul 02, 2014 11:33:30 PM ob.printer.Main log
Advertencia: Communications link failure

The last packet sent successfully to the server was 0 milliseconds ago. The driver has not received any packets from the server.
jul 02, 2014 11:33:31 PM ob.printer.Main log
Advertencia: Communications link failure

The last packet sent successfully to the server was 0 milliseconds ago. The driver has not received any packets from the server.
jul 02, 2014 11:33:32 PM ob.printer.Main log
Advertencia: Communications link failure

The last packet sent successfully to the server was 0 milliseconds ago. The driver has not received any packets from the server.
jul 02, 2014 11:33:33 PM ob.printer.Main log
Advertencia: Communications link failure

The last packet sent successfully to the server was 0 milliseconds ago. The driver has not received any packets from the server.
jul 02, 2014 11:33:34 PM ob.printer.Main log
Advertencia: Communications link failure

The last packet sent successfully to the server was 0 milliseconds ago. The driver has not received any packets from the server.
jul 02, 2014 11:47:07 PM ob.printer.Main log
Advertencia: Access denied for user 'root'@'localhost' (using password: NO)
jul 02, 2014 11:47:08 PM ob.printer.Main log
Advertencia: Access denied for user 'root'@'localhost' (using password: NO)
jul 02, 2014 11:47:09 PM ob.printer.Main log
Advertencia: Access denied for user 'root'@'localhost' (using password: NO)
jul 02, 2014 11:47:10 PM ob.printer.Main log
Advertencia: Access denied for user 'root'@'localhost' (using password: NO)
jul 02, 2014 11:47:11 PM ob.printer.Main log
Advertencia: Access denied for user 'root'@'localhost' (using password: NO)
jul 02, 2014 11:47:12 PM ob.printer.Main log
Advertencia: Access denied for user 'root'@'localhost' (using password: NO)
jul 02, 2014 11:47:13 PM ob.printer.Main log
Advertencia: Access denied for user 'root'@'localhost' (using password: NO)
jul 02, 2014 11:47:14 PM ob.printer.Main log
Advertencia: Access denied for user 'root'@'localhost' (using password: NO)
jul 02, 2014 11:47:15 PM ob.printer.Main log
Advertencia: Access denied for user 'root'@'localhost' (using password: NO)
jul 02, 2014 11:47:47 PM ob.printer.Main log
Advertencia: Access denied for user 'root'@'localhost' (using password: NO)
jul 02, 2014 11:47:48 PM ob.printer.Main log
Advertencia: Access denied for user 'root'@'localhost' (using password: NO)
jul 02, 2014 11:47:49 PM ob.printer.Main log
Advertencia: Access denied for user 'root'@'localhost' (using password: NO)
jul 02, 2014 11:48:00 PM ob.printer.Main info
Información: Print Precuenta OK [/home/jc/precuenta]
jul 03, 2014 12:04:39 AM ob.printer.Main info
Información: Print Precuenta OK [/home/jc/precuenta]
jul 03, 2014 2:42:39 PM ob.printer.Main info
Información: Print Precuenta OK [/home/jc/precuenta]
jul 03, 2014 2:42:54 PM ob.printer.Main info
Información: Print Precuenta OK [/home/jc/precuenta]
jul 03, 2014 2:43:07 PM ob.printer.Main info
Información: Print Precuenta OK [/home/jc/precuenta]
jul 03, 2014 2:43:28 PM ob.printer.Main info
Información: Print Precuenta OK [/home/jc/precuenta]
jul 03, 2014 2:44:02 PM ob.printer.Main info
Información: Print Precuenta OK [/home/jc/precuenta]
jul 03, 2014 2:46:49 PM ob.printer.Main log
Advertencia: Erro al conectar a la Base de Datos
jul 03, 2014 2:46:49 PM ob.printer.Main log
Advertencia: config.properties (No existe el archivo o el directorio)
jul 03, 2014 2:47:06 PM ob.printer.Main info
Información: Print Precuenta OK [/home/jc/precuenta]
jul 03, 2014 2:47:29 PM ob.printer.Main info
Información: Print Precuenta OK [/home/jc/precuenta]
jul 03, 2014 3:14:39 PM ob.printer.Main info
Información: Print Precuenta OK [/home/jc/precuenta]
jul 04, 2014 6:43:09 PM ob.printer.Main info
Información: Print Precuenta OK [/home/jc/precuenta]
jul 04, 2014 6:43:09 PM ob.printer.Main info
Información: Print Precuenta OK [/home/jc/precuenta]
jul 04, 2014 6:56:29 PM ob.printer.Main log
Advertencia: Erro al conectar a la Base de Datos
jul 04, 2014 6:56:29 PM ob.printer.Main log
Advertencia: Erro al conectar a la Base de Datos
jul 04, 2014 6:56:49 PM ob.printer.Main log
Advertencia: Erro al conectar a la Base de Datos
jul 04, 2014 6:56:49 PM ob.printer.Main log
Advertencia: Erro al conectar a la Base de Datos
jul 04, 2014 6:59:48 PM ob.printer.Main log
Advertencia: Erro al conectar a la Base de Datos
jul 04, 2014 6:59:48 PM ob.printer.Main log
Advertencia: Erro al conectar a la Base de Datos
jul 04, 2014 7:00:34 PM ob.printer.Main log
Advertencia: Erro al conectar a la Base de Datos
jul 04, 2014 7:00:34 PM ob.printer.Main log
Advertencia: Erro al conectar a la Base de Datos
jul 04, 2014 7:07:28 PM ob.printer.Main log
Advertencia: Conectado a la Base de Datos
jul 04, 2014 7:07:28 PM ob.printer.Main log
Advertencia: Conectado a la Base de Datos
jul 04, 2014 7:08:08 PM ob.printer.Main log
Advertencia: +Conectado a la Base de Datos
jul 04, 2014 7:08:08 PM ob.printer.Main log
Advertencia: +Conectado a la Base de Datos
jul 04, 2014 7:10:08 PM ob.printer.util.Util info
Información: +Conectado a la Base de Datos
jul 04, 2014 7:10:26 PM ob.printer.util.Util info
Información: +Conectado a la Base de Datos
jul 04, 2014 7:22:55 PM ob.printer.util.Util info
Información: +Conectado a la Base de Datos
jul 04, 2014 7:25:03 PM ob.printer.util.Util info
Información: Communications link failure

The last packet sent successfully to the server was 0 milliseconds ago. The driver has not received any packets from the server.
jul 04, 2014 7:27:11 PM ob.printer.util.Util info
Información: Communications link failure

The last packet sent successfully to the server was 0 milliseconds ago. The driver has not received any packets from the server.
jul 04, 2014 7:29:18 PM ob.printer.util.Util info
Información: Communications link failure

The last packet sent successfully to the server was 0 milliseconds ago. The driver has not received any packets from the server.
jul 04, 2014 7:31:26 PM ob.printer.util.Util info
Información: Communications link failure

The last packet sent successfully to the server was 0 milliseconds ago. The driver has not received any packets from the server.
jul 04, 2014 7:31:43 PM ob.printer.util.Util info
Información: +Conectado a la Base de Datos
jul 04, 2014 7:31:52 PM ob.printer.util.Util info
Información: Print Precuenta OK [\\192.168.1.21\precuenta]
jul 04, 2014 7:36:06 PM ob.printer.util.Util info
Información: +Conectado a la Base de Datos
jul 04, 2014 7:36:24 PM ob.printer.util.Util info
Información: Conexión rehusada
jul 04, 2014 7:36:24 PM ob.printer.util.Util info
Información: No se pudo imprimir en: 192.168.1.50
jul 04, 2014 7:36:24 PM ob.printer.util.Util info
Información: ALgun error en la Precuenta
jul 04, 2014 7:36:25 PM ob.printer.util.Util info
Información: Conexión rehusada
jul 04, 2014 7:36:25 PM ob.printer.util.Util info
Información: No se pudo imprimir en: 192.168.1.50
jul 04, 2014 7:36:25 PM ob.printer.util.Util info
Información: ALgun error en la Precuenta
jul 04, 2014 7:36:26 PM ob.printer.util.Util info
Información: Conexión rehusada
jul 04, 2014 7:36:26 PM ob.printer.util.Util info
Información: No se pudo imprimir en: 192.168.1.50
jul 04, 2014 7:36:26 PM ob.printer.util.Util info
Información: ALgun error en la Precuenta
jul 04, 2014 7:36:27 PM ob.printer.util.Util info
Información: Conexión rehusada
jul 04, 2014 7:36:27 PM ob.printer.util.Util info
Información: No se pudo imprimir en: 192.168.1.50
jul 04, 2014 7:36:27 PM ob.printer.util.Util info
Información: ALgun error en la Precuenta
jul 04, 2014 7:36:28 PM ob.printer.util.Util info
Información: Conexión rehusada
jul 04, 2014 7:36:28 PM ob.printer.util.Util info
Información: No se pudo imprimir en: 192.168.1.50
jul 04, 2014 7:36:28 PM ob.printer.util.Util info
Información: ALgun error en la Precuenta
jul 04, 2014 7:36:29 PM ob.printer.util.Util info
Información: Conexión rehusada
jul 04, 2014 7:36:29 PM ob.printer.util.Util info
Información: No se pudo imprimir en: 192.168.1.50
jul 04, 2014 7:36:29 PM ob.printer.util.Util info
Información: ALgun error en la Precuenta
jul 04, 2014 7:36:30 PM ob.printer.util.Util info
Información: Conexión rehusada
jul 04, 2014 7:36:30 PM ob.printer.util.Util info
Información: No se pudo imprimir en: 192.168.1.50
jul 04, 2014 7:36:30 PM ob.printer.util.Util info
Información: ALgun error en la Precuenta
jul 04, 2014 7:38:10 PM ob.printer.util.Util info
Información: +Conectado a la Base de Datos
jul 04, 2014 7:38:12 PM ob.printer.util.Util info
Información: Conexión rehusada
jul 04, 2014 7:38:12 PM ob.printer.util.Util info
Información: No se pudo imprimir en: 192.168.1.50
jul 04, 2014 7:38:12 PM ob.printer.util.Util info
Información: ALgun error en la Precuenta
jul 04, 2014 7:38:12 PM ob.printer.util.Util info
Información: Conexión rehusada
jul 04, 2014 7:38:12 PM ob.printer.util.Util info
Información: No se pudo imprimir en: 192.168.1.50
jul 04, 2014 7:38:12 PM ob.printer.util.Util info
Información: ALgun error en la Precuenta
jul 04, 2014 7:38:13 PM ob.printer.util.Util info
Información: Conexión rehusada
jul 04, 2014 7:38:13 PM ob.printer.util.Util info
Información: No se pudo imprimir en: 192.168.1.50
jul 04, 2014 7:38:13 PM ob.printer.util.Util info
Información: ALgun error en la Precuenta
jul 04, 2014 7:38:14 PM ob.printer.util.Util info
Información: Conexión rehusada
jul 04, 2014 7:38:14 PM ob.printer.util.Util info
Información: No se pudo imprimir en: 192.168.1.50
jul 04, 2014 7:38:14 PM ob.printer.util.Util info
Información: ALgun error en la Precuenta
jul 04, 2014 7:38:48 PM ob.printer.util.Util info
Información: +Conectado a la Base de Datos
jul 04, 2014 7:38:49 PM ob.printer.util.Util info
Información: Conexión rehusada
jul 04, 2014 7:38:49 PM ob.printer.util.Util info
Información: No se pudo imprimir en: 192.168.1.50
jul 04, 2014 7:38:49 PM ob.printer.util.Util info
Información: ALgun error en la Precuenta
jul 04, 2014 7:38:50 PM ob.printer.util.Util info
Información: Conexión rehusada
jul 04, 2014 7:38:50 PM ob.printer.util.Util info
Información: No se pudo imprimir en: 192.168.1.50
jul 04, 2014 7:38:50 PM ob.printer.util.Util info
Información: ALgun error en la Precuenta
jul 04, 2014 7:38:51 PM ob.printer.util.Util info
Información: Conexión rehusada
jul 04, 2014 7:38:51 PM ob.printer.util.Util info
Información: No se pudo imprimir en: 192.168.1.50
jul 04, 2014 7:38:51 PM ob.printer.util.Util info
Información: ALgun error en la Precuenta
jul 04, 2014 7:40:16 PM ob.printer.util.Util info
Información: +Conectado a la Base de Datos
jul 04, 2014 7:40:17 PM ob.printer.util.Util info
Información: Print Precuenta OK [192.168.1.50]
jul 04, 2014 7:41:45 PM ob.printer.util.Util info
Información: +Conectado a la Base de Datos
jul 04, 2014 7:41:50 PM ob.printer.util.Util info
Información: Print Precuenta OK [192.168.1.50]
jul 04, 2014 7:43:21 PM ob.printer.util.Util info
Información: +Conectado a la Base de Datos
jul 04, 2014 7:43:26 PM ob.printer.util.Util info
Información: Print Precuenta OK [192.168.1.50]
jul 04, 2014 7:45:37 PM ob.printer.util.Util info
Información: +Conectado a la Base de Datos
jul 04, 2014 7:45:58 PM ob.printer.util.Util info
Información: +Conectado a la Base de Datos
jul 04, 2014 7:47:22 PM ob.printer.util.Util info
Información: +Conectado a la Base de Datos
jul 04, 2014 7:47:24 PM ob.printer.util.Util info
Información: \\192.168.1.21\precuenta
jul 04, 2014 7:47:24 PM ob.printer.util.Util info
Información: No se pudo imprimir en: \\192.168.1.21\precuenta
jul 04, 2014 7:47:24 PM ob.printer.util.Util info
Información: ALgun error en la Precuenta
jul 04, 2014 7:47:25 PM ob.printer.util.Util info
Información: \\192.168.1.21\precuenta
jul 04, 2014 7:47:25 PM ob.printer.util.Util info
Información: No se pudo imprimir en: \\192.168.1.21\precuenta
jul 04, 2014 7:47:25 PM ob.printer.util.Util info
Información: ALgun error en la Precuenta
jul 04, 2014 7:47:26 PM ob.printer.util.Util info
Información: \\192.168.1.21\precuenta
jul 04, 2014 7:47:26 PM ob.printer.util.Util info
Información: No se pudo imprimir en: \\192.168.1.21\precuenta
jul 04, 2014 7:47:26 PM ob.printer.util.Util info
Información: ALgun error en la Precuenta
jul 04, 2014 7:47:27 PM ob.printer.util.Util info
Información: \\192.168.1.21\precuenta
jul 04, 2014 7:47:27 PM ob.printer.util.Util info
Información: No se pudo imprimir en: \\192.168.1.21\precuenta
jul 04, 2014 7:47:27 PM ob.printer.util.Util info
Información: ALgun error en la Precuenta
jul 04, 2014 7:47:28 PM ob.printer.util.Util info
Información: \\192.168.1.21\precuenta
jul 04, 2014 7:47:28 PM ob.printer.util.Util info
Información: No se pudo imprimir en: \\192.168.1.21\precuenta
jul 04, 2014 7:47:28 PM ob.printer.util.Util info
Información: ALgun error en la Precuenta
jul 04, 2014 7:47:29 PM ob.printer.util.Util info
Información: \\192.168.1.21\precuenta
jul 04, 2014 7:47:29 PM ob.printer.util.Util info
Información: No se pudo imprimir en: \\192.168.1.21\precuenta
jul 04, 2014 7:47:29 PM ob.printer.util.Util info
Información: ALgun error en la Precuenta
jul 04, 2014 7:47:30 PM ob.printer.util.Util info
Información: \\192.168.1.21\precuenta
jul 04, 2014 7:47:30 PM ob.printer.util.Util info
Información: No se pudo imprimir en: \\192.168.1.21\precuenta
jul 04, 2014 7:47:30 PM ob.printer.util.Util info
Información: ALgun error en la Precuenta
jul 04, 2014 7:47:31 PM ob.printer.util.Util info
Información: \\192.168.1.21\precuenta
jul 04, 2014 7:47:31 PM ob.printer.util.Util info
Información: No se pudo imprimir en: \\192.168.1.21\precuenta
jul 04, 2014 7:47:31 PM ob.printer.util.Util info
Información: ALgun error en la Precuenta
jul 04, 2014 7:52:35 PM ob.printer.util.Util info
Información: +Conectado a la Base de Datos
jul 04, 2014 7:53:20 PM ob.printer.util.Util info
Información: +Conectado a la Base de Datos
jul 04, 2014 7:55:29 PM ob.printer.util.Util info
Información: +Conectado a la Base de Datos
jul 04, 2014 7:55:58 PM ob.printer.util.Util info
Información: +Conectado a la Base de Datos
jul 04, 2014 7:56:20 PM ob.printer.util.Util info
Información: +Conectado a la Base de Datos
jul 04, 2014 7:56:54 PM ob.printer.util.Util info
Información: +Conectado a la Base de Datos
jul 04, 2014 7:57:18 PM ob.printer.util.Util info
Información: +Conectado a la Base de Datos
jul 04, 2014 7:57:36 PM ob.printer.util.Util info
Información: +Conectado a la Base de Datos
jul 04, 2014 7:58:13 PM ob.printer.util.Util info
Información: +Conectado a la Base de Datos
jul 04, 2014 7:58:30 PM ob.printer.util.Util info
Información: +Conectado a la Base de Datos
jul 04, 2014 7:58:32 PM ob.printer.util.Util info
Información: Print Precuenta OK [192.168.1.50]
jul 04, 2014 7:58:52 PM ob.printer.util.Util info
Información: Print Precuenta OK [192.168.1.50]
jul 04, 2014 8:01:30 PM ob.printer.util.Util info
Información: +Conectado a la Base de Datos
jul 04, 2014 8:01:37 PM ob.printer.util.Util info
Información: Print Precuenta OK [192.168.1.50]
jul 04, 2014 8:06:24 PM ob.printer.util.Util info
Información: +Conectado a la Base de Datos
jul 04, 2014 8:06:26 PM ob.printer.util.Util info
Información: Print Precuenta OK [192.168.1.50]
jul 04, 2014 10:20:30 PM ob.printer.util.Util info
Información: Communications link failure

The last packet successfully received from the server was 57.436 milliseconds ago.  The last packet sent successfully to the server was 56.459 milliseconds ago.
jul 04, 2014 10:23:55 PM ob.printer.util.Util info
Información: +Conectado a la Base de Datos
jul 04, 2014 10:24:05 PM ob.printer.util.Util info
Información: No existe ninguna ruta hasta el «host»
jul 04, 2014 10:24:05 PM ob.printer.util.Util info
Información: No se pudo imprimir en: 192.168.1.50
jul 04, 2014 10:24:05 PM ob.printer.util.Util info
Información: ALgun error en la Precuenta
jul 04, 2014 10:24:08 PM ob.printer.util.Util info
Información: No existe ninguna ruta hasta el «host»
jul 04, 2014 10:24:08 PM ob.printer.util.Util info
Información: No se pudo imprimir en: 192.168.1.50
jul 04, 2014 10:24:08 PM ob.printer.util.Util info
Información: ALgun error en la Precuenta
jul 04, 2014 10:24:11 PM ob.printer.util.Util info
Información: No existe ninguna ruta hasta el «host»
jul 04, 2014 10:24:11 PM ob.printer.util.Util info
Información: No se pudo imprimir en: 192.168.1.50
jul 04, 2014 10:24:11 PM ob.printer.util.Util info
Información: ALgun error en la Precuenta
jul 04, 2014 10:24:14 PM ob.printer.util.Util info
Información: No existe ninguna ruta hasta el «host»
jul 04, 2014 10:24:14 PM ob.printer.util.Util info
Información: No se pudo imprimir en: 192.168.1.50
jul 04, 2014 10:24:14 PM ob.printer.util.Util info
Información: ALgun error en la Precuenta
jul 04, 2014 10:24:17 PM ob.printer.util.Util info
Información: No existe ninguna ruta hasta el «host»
jul 04, 2014 10:24:17 PM ob.printer.util.Util info
Información: No se pudo imprimir en: 192.168.1.50
jul 04, 2014 10:24:17 PM ob.printer.util.Util info
Información: ALgun error en la Precuenta
jul 04, 2014 10:24:20 PM ob.printer.util.Util info
Información: No existe ninguna ruta hasta el «host»
jul 04, 2014 10:24:20 PM ob.printer.util.Util info
Información: No se pudo imprimir en: 192.168.1.50
jul 04, 2014 10:24:20 PM ob.printer.util.Util info
Información: ALgun error en la Precuenta
jul 04, 2014 10:24:23 PM ob.printer.util.Util info
Información: No existe ninguna ruta hasta el «host»
jul 04, 2014 10:24:23 PM ob.printer.util.Util info
Información: No se pudo imprimir en: 192.168.1.50
jul 04, 2014 10:24:23 PM ob.printer.util.Util info
Información: ALgun error en la Precuenta
jul 04, 2014 10:24:26 PM ob.printer.util.Util info
Información: No existe ninguna ruta hasta el «host»
jul 04, 2014 10:24:26 PM ob.printer.util.Util info
Información: No se pudo imprimir en: 192.168.1.50
jul 04, 2014 10:24:26 PM ob.printer.util.Util info
Información: ALgun error en la Precuenta
jul 04, 2014 10:24:29 PM ob.printer.util.Util info
Información: No existe ninguna ruta hasta el «host»
jul 04, 2014 10:24:29 PM ob.printer.util.Util info
Información: No se pudo imprimir en: 192.168.1.50
jul 04, 2014 10:24:29 PM ob.printer.util.Util info
Información: ALgun error en la Precuenta
jul 04, 2014 10:24:32 PM ob.printer.util.Util info
Información: No existe ninguna ruta hasta el «host»
jul 04, 2014 10:24:32 PM ob.printer.util.Util info
Información: No se pudo imprimir en: 192.168.1.50
jul 04, 2014 10:24:32 PM ob.printer.util.Util info
Información: ALgun error en la Precuenta
jul 04, 2014 10:24:35 PM ob.printer.util.Util info
Información: No existe ninguna ruta hasta el «host»
jul 04, 2014 10:24:35 PM ob.printer.util.Util info
Información: No se pudo imprimir en: 192.168.1.50
jul 04, 2014 10:24:35 PM ob.printer.util.Util info
Información: ALgun error en la Precuenta
jul 04, 2014 10:24:38 PM ob.printer.util.Util info
Información: No existe ninguna ruta hasta el «host»
jul 04, 2014 10:24:38 PM ob.printer.util.Util info
Información: No se pudo imprimir en: 192.168.1.50
jul 04, 2014 10:24:38 PM ob.printer.util.Util info
Información: ALgun error en la Precuenta
jul 04, 2014 10:24:41 PM ob.printer.util.Util info
Información: No existe ninguna ruta hasta el «host»
jul 04, 2014 10:24:41 PM ob.printer.util.Util info
Información: No se pudo imprimir en: 192.168.1.50
jul 04, 2014 10:24:41 PM ob.printer.util.Util info
Información: ALgun error en la Precuenta
jul 04, 2014 10:24:44 PM ob.printer.util.Util info
Información: No existe ninguna ruta hasta el «host»
jul 04, 2014 10:24:44 PM ob.printer.util.Util info
Información: No se pudo imprimir en: 192.168.1.50
jul 04, 2014 10:24:44 PM ob.printer.util.Util info
Información: ALgun error en la Precuenta
jul 04, 2014 10:24:47 PM ob.printer.util.Util info
Información: No existe ninguna ruta hasta el «host»
jul 04, 2014 10:24:47 PM ob.printer.util.Util info
Información: No se pudo imprimir en: 192.168.1.50
jul 04, 2014 10:24:47 PM ob.printer.util.Util info
Información: ALgun error en la Precuenta
jul 04, 2014 10:24:50 PM ob.printer.util.Util info
Información: No existe ninguna ruta hasta el «host»
jul 04, 2014 10:24:50 PM ob.printer.util.Util info
Información: No se pudo imprimir en: 192.168.1.50
jul 04, 2014 10:24:50 PM ob.printer.util.Util info
Información: ALgun error en la Precuenta
jul 04, 2014 10:24:53 PM ob.printer.util.Util info
Información: No existe ninguna ruta hasta el «host»
jul 04, 2014 10:24:53 PM ob.printer.util.Util info
Información: No se pudo imprimir en: 192.168.1.50
jul 04, 2014 10:24:53 PM ob.printer.util.Util info
Información: ALgun error en la Precuenta
jul 04, 2014 10:24:56 PM ob.printer.util.Util info
Información: No existe ninguna ruta hasta el «host»
jul 04, 2014 10:24:56 PM ob.printer.util.Util info
Información: No se pudo imprimir en: 192.168.1.50
jul 04, 2014 10:24:56 PM ob.printer.util.Util info
Información: ALgun error en la Precuenta
jul 04, 2014 10:24:59 PM ob.printer.util.Util info
Información: No existe ninguna ruta hasta el «host»
jul 04, 2014 10:24:59 PM ob.printer.util.Util info
Información: No se pudo imprimir en: 192.168.1.50
jul 04, 2014 10:24:59 PM ob.printer.util.Util info
Información: ALgun error en la Precuenta
jul 04, 2014 10:25:02 PM ob.printer.util.Util info
Información: No existe ninguna ruta hasta el «host»
jul 04, 2014 10:25:02 PM ob.printer.util.Util info
Información: No se pudo imprimir en: 192.168.1.50
jul 04, 2014 10:25:02 PM ob.printer.util.Util info
Información: ALgun error en la Precuenta
jul 04, 2014 10:25:05 PM ob.printer.util.Util info
Información: No existe ninguna ruta hasta el «host»
jul 04, 2014 10:25:05 PM ob.printer.util.Util info
Información: No se pudo imprimir en: 192.168.1.50
jul 04, 2014 10:25:05 PM ob.printer.util.Util info
Información: ALgun error en la Precuenta
jul 04, 2014 10:25:08 PM ob.printer.util.Util info
Información: No existe ninguna ruta hasta el «host»
jul 04, 2014 10:25:08 PM ob.printer.util.Util info
Información: No se pudo imprimir en: 192.168.1.50
jul 04, 2014 10:25:08 PM ob.printer.util.Util info
Información: ALgun error en la Precuenta
jul 04, 2014 10:25:11 PM ob.printer.util.Util info
Información: No existe ninguna ruta hasta el «host»
jul 04, 2014 10:25:11 PM ob.printer.util.Util info
Información: No se pudo imprimir en: 192.168.1.50
jul 04, 2014 10:25:11 PM ob.printer.util.Util info
Información: ALgun error en la Precuenta
jul 04, 2014 10:25:14 PM ob.printer.util.Util info
Información: No existe ninguna ruta hasta el «host»
jul 04, 2014 10:25:14 PM ob.printer.util.Util info
Información: No se pudo imprimir en: 192.168.1.50
jul 04, 2014 10:25:14 PM ob.printer.util.Util info
Información: ALgun error en la Precuenta
jul 04, 2014 10:25:17 PM ob.printer.util.Util info
Información: No existe ninguna ruta hasta el «host»
jul 04, 2014 10:25:17 PM ob.printer.util.Util info
Información: No se pudo imprimir en: 192.168.1.50
jul 04, 2014 10:25:17 PM ob.printer.util.Util info
Información: ALgun error en la Precuenta
jul 04, 2014 10:25:20 PM ob.printer.util.Util info
Información: No existe ninguna ruta hasta el «host»
jul 04, 2014 10:25:20 PM ob.printer.util.Util info
Información: No se pudo imprimir en: 192.168.1.50
jul 04, 2014 10:25:20 PM ob.printer.util.Util info
Información: ALgun error en la Precuenta
jul 04, 2014 10:25:29 PM ob.printer.util.Util info
Información: +Conectado a la Base de Datos
jul 04, 2014 10:26:02 PM ob.printer.util.Util info
Información: No existe ninguna ruta hasta el «host»
jul 04, 2014 10:26:15 PM ob.printer.util.Util info
Información: No se pudo imprimir en: 192.168.1.50
jul 04, 2014 10:26:22 PM ob.printer.util.Util info
Información: ALgun error en la Precuenta
jul 04, 2014 10:27:13 PM ob.printer.util.Util info
Información: Print Precuenta OK [192.168.1.50]
jul 04, 2014 10:27:39 PM ob.printer.util.Util info
Información: +Conectado a la Base de Datos
jul 04, 2014 10:27:46 PM ob.printer.util.Util info
Información: Print Precuenta OK [192.168.1.50]
jul 04, 2014 10:29:32 PM ob.printer.util.Util info
Información: +Conectado a la Base de Datos
jul 04, 2014 10:29:35 PM ob.printer.util.Util info
Información: Conexión rehusada
jul 04, 2014 10:29:35 PM ob.printer.util.Util info
Información: No se pudo imprimir en: 192.168.1.50
jul 04, 2014 10:29:35 PM ob.printer.util.Util info
Información: ALgun error en la Precuenta
jul 04, 2014 10:29:36 PM ob.printer.util.Util info
Información: Conexión rehusada
jul 04, 2014 10:29:36 PM ob.printer.util.Util info
Información: No se pudo imprimir en: 192.168.1.50
jul 04, 2014 10:29:36 PM ob.printer.util.Util info
Información: ALgun error en la Precuenta
jul 04, 2014 10:29:37 PM ob.printer.util.Util info
Información: Conexión rehusada
jul 04, 2014 10:29:37 PM ob.printer.util.Util info
Información: No se pudo imprimir en: 192.168.1.50
jul 04, 2014 10:29:37 PM ob.printer.util.Util info
Información: ALgun error en la Precuenta
jul 04, 2014 10:29:38 PM ob.printer.util.Util info
Información: Conexión rehusada
jul 04, 2014 10:29:38 PM ob.printer.util.Util info
Información: No se pudo imprimir en: 192.168.1.50
jul 04, 2014 10:29:38 PM ob.printer.util.Util info
Información: ALgun error en la Precuenta
jul 04, 2014 10:29:39 PM ob.printer.util.Util info
Información: Conexión rehusada
jul 04, 2014 10:29:39 PM ob.printer.util.Util info
Información: No se pudo imprimir en: 192.168.1.50
jul 04, 2014 10:29:39 PM ob.printer.util.Util info
Información: ALgun error en la Precuenta
jul 04, 2014 10:29:40 PM ob.printer.util.Util info
Información: Conexión rehusada
jul 04, 2014 10:29:40 PM ob.printer.util.Util info
Información: No se pudo imprimir en: 192.168.1.50
jul 04, 2014 10:29:40 PM ob.printer.util.Util info
Información: ALgun error en la Precuenta
jul 04, 2014 10:29:41 PM ob.printer.util.Util info
Información: Conexión rehusada
jul 04, 2014 10:29:41 PM ob.printer.util.Util info
Información: No se pudo imprimir en: 192.168.1.50
jul 04, 2014 10:29:41 PM ob.printer.util.Util info
Información: ALgun error en la Precuenta
jul 04, 2014 10:29:42 PM ob.printer.util.Util info
Información: Conexión rehusada
jul 04, 2014 10:29:42 PM ob.printer.util.Util info
Información: No se pudo imprimir en: 192.168.1.50
jul 04, 2014 10:29:42 PM ob.printer.util.Util info
Información: ALgun error en la Precuenta
jul 04, 2014 10:38:11 PM ob.printer.util.Util info
Información: +Conectado a la Base de Datos
jul 04, 2014 10:41:42 PM ob.printer.util.Util info
Información: +Conectado a la Base de Datos
jul 05, 2014 1:22:41 AM ob.printer.util.Util info
Información: Conexion a la Base de Datos -> Success
jul 05, 2014 1:23:48 AM ob.printer.util.Util info
Información: Conexion a la Base de Datos -> Failure
jul 05, 2014 1:25:40 AM ob.printer.util.Util info
Información: Conexion a la Base de Datos -> Failure
jul 05, 2014 1:25:53 AM ob.printer.util.Util info
Información: Conexion a la Base de Datos -> Success
jul 05, 2014 1:26:59 AM ob.printer.util.Util info
Información: Conexion a la Base de Datos -> Failure
jul 05, 2014 1:28:28 AM ob.printer.util.Util info
Información: Conexion a la Base de Datos -> Success
jul 05, 2014 1:28:29 AM ob.printer.util.Util info
Información: Print Precuenta OK [192.168.1.50]
jul 05, 2014 1:35:12 AM ob.printer.util.Util info
Información: Conexion a la Base de Datos -> Success
jul 05, 2014 1:35:20 AM ob.printer.util.Util info
Información: Print Precuenta OK [192.168.1.50]
jul 06, 2014 4:48:14 PM ob.printer.util.Util info
Información: Conexion a la Base de Datos -> Success
jul 06, 2014 4:50:07 PM ob.printer.util.Util info
Información: Conexion a la Base de Datos -> Success
jul 06, 2014 4:51:55 PM ob.printer.util.Util info
Información: Conexion a la Base de Datos -> Success
jul 06, 2014 4:52:25 PM ob.printer.util.Util info
Información: Conexion a la Base de Datos -> Success
jul 06, 2014 4:52:40 PM ob.printer.util.Util info
Información: Conexion a la Base de Datos -> Success
jul 06, 2014 4:53:01 PM ob.printer.util.Util info
Información: Conexion a la Base de Datos -> Success
jul 06, 2014 4:53:30 PM ob.printer.util.Util info
Información: Conexion a la Base de Datos -> Success
jul 06, 2014 4:53:47 PM ob.printer.util.Util info
Información: Conexion a la Base de Datos -> Success
jul 06, 2014 4:54:38 PM ob.printer.util.Util info
Información: Conexion a la Base de Datos -> Success
jul 06, 2014 4:55:34 PM ob.printer.util.Util info
Información: Conexion a la Base de Datos -> Success
jul 06, 2014 4:55:35 PM ob.printer.util.Util info
Información: Print Precuenta OK [/home/jc/precuenta]
jul 17, 2014 3:19:40 PM ob.printer.util.Util info
Información: Conexion a la Base de Datos -> Success
jul 17, 2014 3:19:40 PM ob.printer.util.Util info
Información: Arrancamos nuestro servidor
jul 17, 2014 3:19:40 PM ob.printer.util.Util info
Información: Quedamos a la espera de conexion
jul 17, 2014 3:19:49 PM ob.printer.util.Util info
Información: Procesamos conexion
jul 17, 2014 3:19:49 PM ob.printer.util.Util info
Información: Procesamos conexion
jul 17, 2014 3:19:50 PM ob.printer.util.Util info
Información: Print Precuenta OK [/home/jc/precuenta]
jul 17, 2014 3:19:50 PM ob.printer.util.Util info
Información: No encuentro el fichero Socket closed
jul 17, 2014 3:19:50 PM ob.printer.util.Util info
Información: Hemos terminado
jul 17, 2014 3:21:48 PM ob.printer.util.Util info
Información: Conexion a la Base de Datos -> Success
jul 17, 2014 3:21:48 PM ob.printer.util.Util info
Información: Arrancamos nuestro servidor
jul 17, 2014 3:21:48 PM ob.printer.util.Util info
Información: Quedamos a la espera de conexion
jul 17, 2014 3:21:52 PM ob.printer.util.Util info
Información: Procesamos conexion
jul 17, 2014 3:21:52 PM ob.printer.util.Util info
Información: Procesamos conexion
jul 17, 2014 3:21:52 PM ob.printer.util.Util info
Información: Llamando /print/precuenta/2/66
jul 17, 2014 3:21:52 PM ob.printer.util.Util info
Información: Print Precuenta OK [/home/jc/precuenta]
jul 17, 2014 3:21:52 PM ob.printer.util.Util info
Información: No encuentro el fichero Socket closed
jul 17, 2014 3:21:52 PM ob.printer.util.Util info
Información: Hemos terminado
jul 17, 2014 3:31:48 PM ob.printer.util.Util info
Información: Conexion a la Base de Datos -> Success
jul 17, 2014 3:31:48 PM ob.printer.util.Util info
Información: Arrancamos nuestro servidor
jul 17, 2014 3:31:48 PM ob.printer.util.Util info
Información: Error en servidor
java.net.BindException: La dirección ya se está usando
jul 17, 2014 3:33:15 PM ob.printer.util.Util info
Información: Conexion a la Base de Datos -> Success
jul 17, 2014 3:33:15 PM ob.printer.util.Util info
Información: Arrancamos nuestro servidor
jul 17, 2014 3:33:15 PM ob.printer.util.Util info
Información: Quedamos a la espera de conexion
jul 17, 2014 3:33:19 PM ob.printer.util.Util info
Información: Procesamos conexion
jul 17, 2014 3:33:19 PM ob.printer.util.Util info
Información: Procesamos conexion
jul 17, 2014 3:33:19 PM ob.printer.util.Util info
Información: Llamando /print/precuenta/2/66
jul 17, 2014 3:33:19 PM ob.printer.util.Util info
Información: Print Precuenta OK [/home/jc/precuenta]
jul 17, 2014 3:33:19 PM ob.printer.util.Util info
Información: No encuentro el fichero Socket closed
jul 17, 2014 3:33:19 PM ob.printer.util.Util info
Información: Hemos terminado
jul 17, 2014 3:34:36 PM ob.printer.util.Util info
Información: Procesamos conexion
jul 17, 2014 3:36:37 PM ob.printer.util.Util info
Información: Procesamos conexion
jul 17, 2014 3:36:37 PM ob.printer.util.Util info
Información: Procesamos conexion
jul 17, 2014 3:36:43 PM ob.printer.util.Util info
Información: Procesamos conexion
jul 17, 2014 3:37:18 PM ob.printer.util.Util info
Información: Procesamos conexion
jul 17, 2014 3:38:40 PM ob.printer.util.Util info
Información: Procesamos conexion
jul 17, 2014 3:38:40 PM ob.printer.util.Util info
Información: Procesamos conexion
jul 17, 2014 3:39:50 PM ob.printer.util.Util info
Información: Procesamos conexion
jul 17, 2014 3:40:35 PM ob.printer.util.Util info
Información: Procesamos conexion
jul 17, 2014 3:40:35 PM ob.printer.util.Util info
Información: Llamando /print/precuenta/98/0?_dc=1405629635410
jul 17, 2014 3:40:35 PM ob.printer.util.Util info
Información: No encuentro el fichero Socket closed
jul 17, 2014 3:40:35 PM ob.printer.util.Util info
Información: Hemos terminado
jul 17, 2014 3:41:55 PM ob.printer.util.Util info
Información: Conexion a la Base de Datos -> Success
jul 17, 2014 3:41:55 PM ob.printer.util.Util info
Información: Arrancamos nuestro servidor
jul 17, 2014 3:41:55 PM ob.printer.util.Util info
Información: Quedamos a la espera de conexion
jul 17, 2014 3:42:05 PM ob.printer.util.Util info
Información: Procesamos conexion
jul 17, 2014 3:42:05 PM ob.printer.util.Util info
Información: Llamando /print/precuenta/98/0?_dc=1405629725468
jul 17, 2014 3:42:05 PM ob.printer.util.Util info
Información: No encuentro el fichero Socket closed
jul 17, 2014 3:42:05 PM ob.printer.util.Util info
Información: Hemos terminado
jul 17, 2014 3:42:16 PM ob.printer.util.Util info
Información: Procesamos conexion
jul 17, 2014 3:42:16 PM ob.printer.util.Util info
Información: Procesamos conexion
jul 17, 2014 3:42:20 PM ob.printer.util.Util info
Información: Procesamos conexion
jul 17, 2014 3:42:20 PM ob.printer.util.Util info
Información: Llamando /print/precuenta/98/0?_dc=1405629740552
jul 17, 2014 3:42:20 PM ob.printer.util.Util info
Información: No encuentro el fichero Socket closed
jul 17, 2014 3:42:20 PM ob.printer.util.Util info
Información: Hemos terminado
jul 17, 2014 3:43:33 PM ob.printer.util.Util info
Información: Conexion a la Base de Datos -> Success
jul 17, 2014 3:43:33 PM ob.printer.util.Util info
Información: Arrancamos nuestro servidor
jul 17, 2014 3:43:33 PM ob.printer.util.Util info
Información: Quedamos a la espera de conexion
jul 17, 2014 3:43:40 PM ob.printer.util.Util info
Información: Procesamos conexion
jul 17, 2014 3:43:40 PM ob.printer.util.Util info
Información: Procesamos conexion
jul 17, 2014 3:43:46 PM ob.printer.util.Util info
Información: Procesamos conexion
jul 17, 2014 3:43:46 PM ob.printer.util.Util info
Información: Llamando /print/precuenta/98/0?_dc=1405629826908
jul 17, 2014 3:43:47 PM ob.printer.util.Util info
Información: No encuentro el fichero Socket closed
jul 17, 2014 3:43:47 PM ob.printer.util.Util info
Información: Hemos terminado
jul 17, 2014 3:45:32 PM ob.printer.util.Util info
Información: Conexion a la Base de Datos -> Success
jul 17, 2014 3:45:32 PM ob.printer.util.Util info
Información: Arrancamos nuestro servidor
jul 17, 2014 3:45:32 PM ob.printer.util.Util info
Información: Quedamos a la espera de conexion
jul 17, 2014 3:45:45 PM ob.printer.util.Util info
Información: Procesamos conexion
jul 17, 2014 3:45:45 PM ob.printer.util.Util info
Información: Llamando /print/precuenta/98/0
jul 17, 2014 3:45:45 PM ob.printer.util.Util info
Información: Print Precuenta OK [/home/jc/precuenta]
jul 17, 2014 3:45:45 PM ob.printer.util.Util info
Información: No encuentro el fichero Socket closed
jul 17, 2014 3:45:45 PM ob.printer.util.Util info
Información: Hemos terminado
jul 17, 2014 3:46:02 PM ob.printer.util.Util info
Información: Procesamos conexion
jul 17, 2014 3:46:02 PM ob.printer.util.Util info
Información: Llamando /print/precuenta/98/0
jul 17, 2014 3:46:02 PM ob.printer.util.Util info
Información: Print Precuenta OK [/home/jc/precuenta]
jul 17, 2014 3:46:02 PM ob.printer.util.Util info
Información: No encuentro el fichero Socket closed
jul 17, 2014 3:46:02 PM ob.printer.util.Util info
Información: Hemos terminado
jul 17, 2014 3:47:49 PM ob.printer.util.Util info
Información: Procesamos conexion
jul 17, 2014 3:47:49 PM ob.printer.util.Util info
Información: Procesamos conexion
jul 17, 2014 3:47:54 PM ob.printer.util.Util info
Información: Procesamos conexion
jul 17, 2014 3:47:54 PM ob.printer.util.Util info
Información: Llamando /print/precuenta/98/0?_dc=1405630074275
jul 17, 2014 3:47:54 PM ob.printer.util.Util info
Información: No encuentro el fichero Socket closed
jul 17, 2014 3:47:54 PM ob.printer.util.Util info
Información: Hemos terminado
jul 17, 2014 3:48:46 PM ob.printer.util.Util info
Información: Procesamos conexion
jul 17, 2014 3:48:46 PM ob.printer.util.Util info
Información: Procesamos conexion
jul 17, 2014 3:48:50 PM ob.printer.util.Util info
Información: Procesamos conexion
jul 17, 2014 3:48:50 PM ob.printer.util.Util info
Información: Llamando /print/precuenta/98/0?_dc=1405630130675
jul 17, 2014 3:48:50 PM ob.printer.util.Util info
Información: No encuentro el fichero Socket closed
jul 17, 2014 3:48:50 PM ob.printer.util.Util info
Información: Hemos terminado
jul 17, 2014 3:50:55 PM ob.printer.util.Util info
Información: Procesamos conexion
jul 17, 2014 3:50:55 PM ob.printer.util.Util info
Información: Procesamos conexion
jul 17, 2014 3:51:00 PM ob.printer.util.Util info
Información: Procesamos conexion
jul 17, 2014 3:51:00 PM ob.printer.util.Util info
Información: Llamando /print/precuenta/98/0?_dc=1405630260731
jul 17, 2014 3:51:00 PM ob.printer.util.Util info
Información: No encuentro el fichero Socket closed
jul 17, 2014 3:51:00 PM ob.printer.util.Util info
Información: Hemos terminado
jul 17, 2014 3:52:07 PM ob.printer.util.Util info
Información: Procesamos conexion
jul 17, 2014 3:52:07 PM ob.printer.util.Util info
Información: Procesamos conexion
jul 17, 2014 3:52:13 PM ob.printer.util.Util info
Información: Procesamos conexion
jul 17, 2014 3:52:13 PM ob.printer.util.Util info
Información: Llamando /print/precuenta/98/0
jul 17, 2014 3:52:13 PM ob.printer.util.Util info
Información: Print Precuenta OK [/home/jc/precuenta]
jul 17, 2014 3:52:13 PM ob.printer.util.Util info
Información: No encuentro el fichero Socket closed
jul 17, 2014 3:52:13 PM ob.printer.util.Util info
Información: Hemos terminado
jul 17, 2014 3:53:11 PM ob.printer.util.Util info
Información: Procesamos conexion
jul 17, 2014 3:53:11 PM ob.printer.util.Util info
Información: Procesamos conexion
jul 17, 2014 3:53:15 PM ob.printer.util.Util info
Información: Procesamos conexion
jul 17, 2014 3:53:15 PM ob.printer.util.Util info
Información: Llamando /print/precuenta/98/0
jul 17, 2014 3:53:15 PM ob.printer.util.Util info
Información: Print Precuenta OK [/home/jc/precuenta]
jul 17, 2014 3:53:15 PM ob.printer.util.Util info
Información: No encuentro el fichero Socket closed
jul 17, 2014 3:53:15 PM ob.printer.util.Util info
Información: Hemos terminado
jul 17, 2014 3:54:58 PM ob.printer.util.Util info
Información: Procesamos conexion
jul 17, 2014 3:54:58 PM ob.printer.util.Util info
Información: Llamando /print/precuenta/98/0
jul 17, 2014 3:54:58 PM ob.printer.util.Util info
Información: Print Precuenta OK [/home/jc/precuenta]
jul 17, 2014 3:54:58 PM ob.printer.util.Util info
Información: No encuentro el fichero Socket closed
jul 17, 2014 3:54:58 PM ob.printer.util.Util info
Información: Hemos terminado
jul 17, 2014 3:55:02 PM ob.printer.util.Util info
Información: Procesamos conexion
jul 17, 2014 3:55:02 PM ob.printer.util.Util info
Información: Llamando /print/precuenta/2/20
jul 17, 2014 3:55:02 PM ob.printer.util.Util info
Información: Print Precuenta OK [/home/jc/precuenta]
jul 17, 2014 3:55:02 PM ob.printer.util.Util info
Información: No encuentro el fichero Socket closed
jul 17, 2014 3:55:02 PM ob.printer.util.Util info
Información: Hemos terminado
jul 17, 2014 3:55:28 PM ob.printer.util.Util info
Información: Procesamos conexion
jul 17, 2014 3:55:28 PM ob.printer.util.Util info
Información: Llamando /print/pedido/liberar/5
jul 17, 2014 3:55:28 PM ob.printer.util.Util info
Información: Print Liberado OK [/home/jc/precuenta]
jul 17, 2014 3:55:28 PM ob.printer.util.Util info
Información: No encuentro el fichero Socket closed
jul 17, 2014 3:55:28 PM ob.printer.util.Util info
Información: Hemos terminado
jul 17, 2014 3:56:52 PM ob.printer.util.Util info
Información: Procesamos conexion
jul 17, 2014 3:56:52 PM ob.printer.util.Util info
Información: Llamando /print/pedido/liberar/6
jul 17, 2014 3:56:52 PM ob.printer.util.Util info
Información: Print Liberado OK [/home/jc/precuenta]
jul 17, 2014 3:56:52 PM ob.printer.util.Util info
Información: No encuentro el fichero Socket closed
jul 17, 2014 3:56:52 PM ob.printer.util.Util info
Información: Hemos terminado
jul 17, 2014 3:57:51 PM ob.printer.util.Util info
Información: Procesamos conexion
jul 17, 2014 3:57:51 PM ob.printer.util.Util info
Información: Procesamos conexion
jul 17, 2014 3:58:09 PM ob.printer.util.Util info
Información: Procesamos conexion
jul 17, 2014 3:58:09 PM ob.printer.util.Util info
Información: Llamando /print/pedido/liberar/7
jul 17, 2014 3:58:09 PM ob.printer.util.Util info
Información: Print Liberado OK [/home/jc/precuenta]
jul 17, 2014 3:58:09 PM ob.printer.util.Util info
Información: No encuentro el fichero Socket closed
jul 17, 2014 3:58:09 PM ob.printer.util.Util info
Información: Hemos terminado
jul 17, 2014 4:00:22 PM ob.printer.util.Util info
Información: Procesamos conexion
jul 17, 2014 4:00:22 PM ob.printer.util.Util info
Información: Llamando /print/pedido/liberar/8
jul 17, 2014 4:00:22 PM ob.printer.util.Util info
Información: Print Liberado OK [/home/jc/precuenta]
jul 17, 2014 4:00:22 PM ob.printer.util.Util info
Información: No encuentro el fichero Socket closed
jul 17, 2014 4:00:22 PM ob.printer.util.Util info
Información: Hemos terminado
jul 17, 2014 4:01:04 PM ob.printer.util.Util info
Información: Procesamos conexion
jul 17, 2014 4:01:04 PM ob.printer.util.Util info
Información: Llamando /print/cierre/98/99
jul 17, 2014 4:01:05 PM ob.printer.util.Util info
Información: No encuentro el fichero Socket closed
jul 17, 2014 4:01:05 PM ob.printer.util.Util info
Información: Hemos terminado
